mode: set
github.com/pavva91/tezos-delegation-service/internal/dto/delegation_response.go:16.68,21.2 4 0
github.com/pavva91/tezos-delegation-service/internal/dto/delegation_response.go:23.115,25.51 2 0
github.com/pavva91/tezos-delegation-service/internal/dto/delegation_response.go:25.51,27.3 1 0
github.com/pavva91/tezos-delegation-service/internal/dto/delegation_response.go:28.2,28.23 1 0
github.com/pavva91/tezos-delegation-service/internal/dto/delegation_response_from_api.go:41.68,49.2 7 0
github.com/pavva91/tezos-delegation-service/internal/db/db.go:25.55,36.16 3 0
github.com/pavva91/tezos-delegation-service/internal/db/db.go:36.16,38.52 2 0
github.com/pavva91/tezos-delegation-service/internal/db/db.go:41.2,42.15 2 0
github.com/pavva91/tezos-delegation-service/internal/db/db.go:45.31,47.2 1 0
github.com/pavva91/tezos-delegation-service/main.go:31.13,40.23 2 0
github.com/pavva91/tezos-delegation-service/main.go:40.23,42.45 2 0
github.com/pavva91/tezos-delegation-service/main.go:42.45,45.18 3 0
github.com/pavva91/tezos-delegation-service/main.go:45.18,47.5 1 0
github.com/pavva91/tezos-delegation-service/main.go:48.4,48.18 1 0
github.com/pavva91/tezos-delegation-service/main.go:51.2,53.14 2 0
github.com/pavva91/tezos-delegation-service/main.go:53.14,55.3 1 0
github.com/pavva91/tezos-delegation-service/main.go:58.2,58.31 1 0
github.com/pavva91/tezos-delegation-service/main.go:61.21,63.16 2 0
github.com/pavva91/tezos-delegation-service/main.go:63.16,65.3 1 0
github.com/pavva91/tezos-delegation-service/main.go:66.2,77.72 12 0
github.com/pavva91/tezos-delegation-service/docs/docs.go:157.13,159.2 1 0
github.com/pavva91/tezos-delegation-service/internal/errorhandling/formatter.go:16.40,17.67 1 0
github.com/pavva91/tezos-delegation-service/internal/errorhandling/formatter.go:17.67,18.62 1 0
github.com/pavva91/tezos-delegation-service/internal/errorhandling/formatter.go:18.62,20.19 2 0
github.com/pavva91/tezos-delegation-service/internal/errorhandling/formatter.go:20.19,22.5 1 0
github.com/pavva91/tezos-delegation-service/internal/errorhandling/formatter.go:23.4,23.15 1 0
github.com/pavva91/tezos-delegation-service/internal/errorhandling/formatter.go:27.2,27.25 1 0
github.com/pavva91/tezos-delegation-service/internal/errorhandling/formatter.go:35.85,38.25 2 0
github.com/pavva91/tezos-delegation-service/internal/errorhandling/formatter.go:38.25,40.22 2 0
github.com/pavva91/tezos-delegation-service/internal/errorhandling/formatter.go:40.22,42.4 1 0
github.com/pavva91/tezos-delegation-service/internal/errorhandling/formatter.go:43.3,43.70 1 0
github.com/pavva91/tezos-delegation-service/internal/errorhandling/formatter.go:46.2,46.13 1 0
github.com/pavva91/tezos-delegation-service/internal/errorhandling/formatter.go:49.80,52.25 2 0
github.com/pavva91/tezos-delegation-service/internal/errorhandling/formatter.go:52.25,54.22 2 0
github.com/pavva91/tezos-delegation-service/internal/errorhandling/formatter.go:54.22,56.4 1 0
github.com/pavva91/tezos-delegation-service/internal/errorhandling/formatter.go:57.3,57.24 1 0
github.com/pavva91/tezos-delegation-service/internal/errorhandling/formatter.go:60.2,60.13 1 0
github.com/pavva91/tezos-delegation-service/internal/repositories/delegation.go:22.57,25.16 3 0
github.com/pavva91/tezos-delegation-service/internal/repositories/delegation.go:25.16,27.3 1 0
github.com/pavva91/tezos-delegation-service/internal/repositories/delegation.go:28.2,28.25 1 0
github.com/pavva91/tezos-delegation-service/internal/repositories/delegation.go:31.77,34.16 3 0
github.com/pavva91/tezos-delegation-service/internal/repositories/delegation.go:34.16,36.3 1 0
github.com/pavva91/tezos-delegation-service/internal/repositories/delegation.go:37.2,37.25 1 0
github.com/pavva91/tezos-delegation-service/internal/repositories/delegation.go:40.56,42.2 1 0
github.com/pavva91/tezos-delegation-service/internal/mocks/db.go:17.56,18.2 0 0
github.com/pavva91/tezos-delegation-service/internal/mocks/db.go:20.35,22.2 1 0
github.com/pavva91/tezos-delegation-service/internal/mocks/mock.go:11.83,16.16 4 0
github.com/pavva91/tezos-delegation-service/internal/mocks/mock.go:16.16,17.13 1 0
github.com/pavva91/tezos-delegation-service/internal/mocks/mock.go:23.2,23.59 1 0
github.com/pavva91/tezos-delegation-service/internal/db/db.go:25.55,36.16 3 0
github.com/pavva91/tezos-delegation-service/internal/db/db.go:36.16,38.52 2 0
github.com/pavva91/tezos-delegation-service/internal/db/db.go:41.2,42.15 2 0
github.com/pavva91/tezos-delegation-service/internal/db/db.go:45.31,47.2 1 0
github.com/pavva91/tezos-delegation-service/internal/dto/delegation_response.go:16.68,21.2 4 1
github.com/pavva91/tezos-delegation-service/internal/dto/delegation_response.go:23.115,25.51 2 1
github.com/pavva91/tezos-delegation-service/internal/dto/delegation_response.go:25.51,27.3 1 1
github.com/pavva91/tezos-delegation-service/internal/dto/delegation_response.go:28.2,28.23 1 1
github.com/pavva91/tezos-delegation-service/internal/dto/delegation_response_from_api.go:41.68,49.2 7 0
github.com/pavva91/tezos-delegation-service/internal/errorhandling/formatter.go:16.40,17.67 1 0
github.com/pavva91/tezos-delegation-service/internal/errorhandling/formatter.go:17.67,18.62 1 0
github.com/pavva91/tezos-delegation-service/internal/errorhandling/formatter.go:18.62,20.19 2 0
github.com/pavva91/tezos-delegation-service/internal/errorhandling/formatter.go:20.19,22.5 1 0
github.com/pavva91/tezos-delegation-service/internal/errorhandling/formatter.go:23.4,23.15 1 0
github.com/pavva91/tezos-delegation-service/internal/errorhandling/formatter.go:27.2,27.25 1 0
github.com/pavva91/tezos-delegation-service/internal/errorhandling/formatter.go:35.85,38.25 2 0
github.com/pavva91/tezos-delegation-service/internal/errorhandling/formatter.go:38.25,40.22 2 0
github.com/pavva91/tezos-delegation-service/internal/errorhandling/formatter.go:40.22,42.4 1 0
github.com/pavva91/tezos-delegation-service/internal/errorhandling/formatter.go:43.3,43.70 1 0
github.com/pavva91/tezos-delegation-service/internal/errorhandling/formatter.go:46.2,46.13 1 0
github.com/pavva91/tezos-delegation-service/internal/errorhandling/formatter.go:49.80,52.25 2 0
github.com/pavva91/tezos-delegation-service/internal/errorhandling/formatter.go:52.25,54.22 2 0
github.com/pavva91/tezos-delegation-service/internal/errorhandling/formatter.go:54.22,56.4 1 0
github.com/pavva91/tezos-delegation-service/internal/errorhandling/formatter.go:57.3,57.24 1 0
github.com/pavva91/tezos-delegation-service/internal/errorhandling/formatter.go:60.2,60.13 1 0
github.com/pavva91/tezos-delegation-service/internal/handlers/delegation.go:31.51,34.16 3 1
github.com/pavva91/tezos-delegation-service/internal/handlers/delegation.go:34.16,41.3 5 1
github.com/pavva91/tezos-delegation-service/internal/handlers/delegation.go:43.2,45.16 2 1
github.com/pavva91/tezos-delegation-service/internal/handlers/delegation.go:45.16,52.3 5 1
github.com/pavva91/tezos-delegation-service/internal/handlers/delegation.go:54.2,59.11 4 1
github.com/pavva91/tezos-delegation-service/internal/handlers/health.go:23.49,25.2 1 1
github.com/pavva91/tezos-delegation-service/internal/repositories/delegation.go:22.57,25.16 3 0
github.com/pavva91/tezos-delegation-service/internal/repositories/delegation.go:25.16,27.3 1 0
github.com/pavva91/tezos-delegation-service/internal/repositories/delegation.go:28.2,28.25 1 0
github.com/pavva91/tezos-delegation-service/internal/repositories/delegation.go:31.77,34.16 3 0
github.com/pavva91/tezos-delegation-service/internal/repositories/delegation.go:34.16,36.3 1 0
github.com/pavva91/tezos-delegation-service/internal/repositories/delegation.go:37.2,37.25 1 0
github.com/pavva91/tezos-delegation-service/internal/repositories/delegation.go:40.56,42.2 1 0
github.com/pavva91/tezos-delegation-service/internal/stubs/repository_delegation_stub.go:15.74,17.2 1 0
github.com/pavva91/tezos-delegation-service/internal/stubs/repository_delegation_stub.go:19.94,21.2 1 0
github.com/pavva91/tezos-delegation-service/internal/stubs/repository_delegation_stub.go:23.82,25.2 1 0
github.com/pavva91/tezos-delegation-service/internal/stubs/service_delegation_stub.go:14.85,16.2 1 1
github.com/pavva91/tezos-delegation-service/internal/stubs/service_delegation_stub.go:18.157,20.2 1 0
github.com/pavva91/tezos-delegation-service/internal/stubs/repository_delegation_stub.go:15.74,17.2 1 0
github.com/pavva91/tezos-delegation-service/internal/stubs/repository_delegation_stub.go:19.94,21.2 1 0
github.com/pavva91/tezos-delegation-service/internal/stubs/repository_delegation_stub.go:23.82,25.2 1 0
github.com/pavva91/tezos-delegation-service/internal/stubs/service_delegation_stub.go:14.85,16.2 1 0
github.com/pavva91/tezos-delegation-service/internal/stubs/service_delegation_stub.go:18.157,20.2 1 0
github.com/pavva91/tezos-delegation-service/docs/docs.go:157.13,159.2 1 1
github.com/pavva91/tezos-delegation-service/internal/db/db.go:25.55,36.16 3 0
github.com/pavva91/tezos-delegation-service/internal/db/db.go:36.16,38.52 2 0
github.com/pavva91/tezos-delegation-service/internal/db/db.go:41.2,42.15 2 0
github.com/pavva91/tezos-delegation-service/internal/db/db.go:45.31,47.2 1 0
github.com/pavva91/tezos-delegation-service/internal/dto/delegation_response.go:16.68,21.2 4 0
github.com/pavva91/tezos-delegation-service/internal/dto/delegation_response.go:23.115,25.51 2 0
github.com/pavva91/tezos-delegation-service/internal/dto/delegation_response.go:25.51,27.3 1 0
github.com/pavva91/tezos-delegation-service/internal/dto/delegation_response.go:28.2,28.23 1 0
github.com/pavva91/tezos-delegation-service/internal/dto/delegation_response_from_api.go:41.68,49.2 7 0
github.com/pavva91/tezos-delegation-service/internal/errorhandling/formatter.go:16.40,17.67 1 0
github.com/pavva91/tezos-delegation-service/internal/errorhandling/formatter.go:17.67,18.62 1 0
github.com/pavva91/tezos-delegation-service/internal/errorhandling/formatter.go:18.62,20.19 2 0
github.com/pavva91/tezos-delegation-service/internal/errorhandling/formatter.go:20.19,22.5 1 0
github.com/pavva91/tezos-delegation-service/internal/errorhandling/formatter.go:23.4,23.15 1 0
github.com/pavva91/tezos-delegation-service/internal/errorhandling/formatter.go:27.2,27.25 1 0
github.com/pavva91/tezos-delegation-service/internal/errorhandling/formatter.go:35.85,38.25 2 0
github.com/pavva91/tezos-delegation-service/internal/errorhandling/formatter.go:38.25,40.22 2 0
github.com/pavva91/tezos-delegation-service/internal/errorhandling/formatter.go:40.22,42.4 1 0
github.com/pavva91/tezos-delegation-service/internal/errorhandling/formatter.go:43.3,43.70 1 0
github.com/pavva91/tezos-delegation-service/internal/errorhandling/formatter.go:46.2,46.13 1 0
github.com/pavva91/tezos-delegation-service/internal/errorhandling/formatter.go:49.80,52.25 2 0
github.com/pavva91/tezos-delegation-service/internal/errorhandling/formatter.go:52.25,54.22 2 0
github.com/pavva91/tezos-delegation-service/internal/errorhandling/formatter.go:54.22,56.4 1 0
github.com/pavva91/tezos-delegation-service/internal/errorhandling/formatter.go:57.3,57.24 1 0
github.com/pavva91/tezos-delegation-service/internal/errorhandling/formatter.go:60.2,60.13 1 0
github.com/pavva91/tezos-delegation-service/internal/repositories/delegation.go:22.57,25.16 3 0
github.com/pavva91/tezos-delegation-service/internal/repositories/delegation.go:25.16,27.3 1 0
github.com/pavva91/tezos-delegation-service/internal/repositories/delegation.go:28.2,28.25 1 0
github.com/pavva91/tezos-delegation-service/internal/repositories/delegation.go:31.77,34.16 3 0
github.com/pavva91/tezos-delegation-service/internal/repositories/delegation.go:34.16,36.3 1 0
github.com/pavva91/tezos-delegation-service/internal/repositories/delegation.go:37.2,37.25 1 0
github.com/pavva91/tezos-delegation-service/internal/repositories/delegation.go:40.56,42.2 1 0
github.com/pavva91/tezos-delegation-service/internal/server/application.go:17.29,40.16 17 0
github.com/pavva91/tezos-delegation-service/internal/server/application.go:40.16,43.3 2 0
github.com/pavva91/tezos-delegation-service/internal/server/application.go:45.2,51.12 5 0
github.com/pavva91/tezos-delegation-service/internal/server/application.go:51.12,53.17 2 0
github.com/pavva91/tezos-delegation-service/internal/server/application.go:53.17,55.4 1 0
github.com/pavva91/tezos-delegation-service/internal/server/application.go:59.2,65.16 4 0
github.com/pavva91/tezos-delegation-service/internal/server/application.go:65.16,68.3 2 0
github.com/pavva91/tezos-delegation-service/internal/server/application.go:71.23,73.2 0 0
github.com/pavva91/tezos-delegation-service/internal/server/router.go:16.30,22.66 3 0
github.com/pavva91/tezos-delegation-service/internal/server/router.go:23.13,27.38 4 0
github.com/pavva91/tezos-delegation-service/internal/server/router.go:28.15,33.40 5 0
github.com/pavva91/tezos-delegation-service/internal/server/router.go:34.14,37.39 3 0
github.com/pavva91/tezos-delegation-service/internal/server/router.go:38.10,44.38 4 0
github.com/pavva91/tezos-delegation-service/internal/server/router.go:47.2,47.15 1 0
github.com/pavva91/tezos-delegation-service/internal/server/router.go:50.16,53.2 2 0
github.com/pavva91/tezos-delegation-service/internal/server/url_mappings.go:9.33,11.2 2 1
github.com/pavva91/tezos-delegation-service/internal/server/url_mappings.go:11.2,15.3 3 1
github.com/pavva91/tezos-delegation-service/internal/server/url_mappings.go:15.3,17.4 1 1
github.com/pavva91/tezos-delegation-service/internal/server/url_mappings.go:20.2,20.75 1 1
github.com/pavva91/tezos-delegation-service/internal/db/db.go:25.55,36.16 3 0
github.com/pavva91/tezos-delegation-service/internal/db/db.go:36.16,38.52 2 0
github.com/pavva91/tezos-delegation-service/internal/db/db.go:41.2,42.15 2 0
github.com/pavva91/tezos-delegation-service/internal/db/db.go:45.31,47.2 1 0
github.com/pavva91/tezos-delegation-service/internal/dto/delegation_response.go:16.68,21.2 4 0
github.com/pavva91/tezos-delegation-service/internal/dto/delegation_response.go:23.115,25.51 2 0
github.com/pavva91/tezos-delegation-service/internal/dto/delegation_response.go:25.51,27.3 1 0
github.com/pavva91/tezos-delegation-service/internal/dto/delegation_response.go:28.2,28.23 1 0
github.com/pavva91/tezos-delegation-service/internal/dto/delegation_response_from_api.go:41.68,49.2 7 1
github.com/pavva91/tezos-delegation-service/internal/repositories/delegation.go:22.57,25.16 3 0
github.com/pavva91/tezos-delegation-service/internal/repositories/delegation.go:25.16,27.3 1 0
github.com/pavva91/tezos-delegation-service/internal/repositories/delegation.go:28.2,28.25 1 0
github.com/pavva91/tezos-delegation-service/internal/repositories/delegation.go:31.77,34.16 3 0
github.com/pavva91/tezos-delegation-service/internal/repositories/delegation.go:34.16,36.3 1 0
github.com/pavva91/tezos-delegation-service/internal/repositories/delegation.go:37.2,37.25 1 0
github.com/pavva91/tezos-delegation-service/internal/repositories/delegation.go:40.56,42.2 1 0
github.com/pavva91/tezos-delegation-service/internal/services/delegation.go:30.71,31.19 1 1
github.com/pavva91/tezos-delegation-service/internal/services/delegation.go:31.19,33.3 1 1
github.com/pavva91/tezos-delegation-service/internal/services/delegation.go:34.2,34.49 1 1
github.com/pavva91/tezos-delegation-service/internal/services/delegation.go:37.100,40.32 2 1
github.com/pavva91/tezos-delegation-service/internal/services/delegation.go:40.32,49.17 3 1
github.com/pavva91/tezos-delegation-service/internal/services/delegation.go:49.17,53.4 2 1
github.com/pavva91/tezos-delegation-service/internal/services/delegation.go:55.3,56.91 2 1
github.com/pavva91/tezos-delegation-service/internal/services/delegation.go:58.2,58.30 1 1
github.com/pavva91/tezos-delegation-service/internal/services/delegation.go:61.160,74.6 5 1
github.com/pavva91/tezos-delegation-service/internal/services/delegation.go:74.6,75.10 1 1
github.com/pavva91/tezos-delegation-service/internal/services/delegation.go:76.36,77.22 1 1
github.com/pavva91/tezos-delegation-service/internal/services/delegation.go:78.11,78.11 0 1
github.com/pavva91/tezos-delegation-service/internal/services/delegation.go:83.3,87.17 3 1
github.com/pavva91/tezos-delegation-service/internal/services/delegation.go:87.17,90.19 2 1
github.com/pavva91/tezos-delegation-service/internal/services/delegation.go:90.19,94.5 2 1
github.com/pavva91/tezos-delegation-service/internal/services/delegation.go:95.4,97.12 2 1
github.com/pavva91/tezos-delegation-service/internal/services/delegation.go:100.3,100.43 1 1
github.com/pavva91/tezos-delegation-service/internal/services/delegation.go:100.43,104.19 3 1
github.com/pavva91/tezos-delegation-service/internal/services/delegation.go:104.19,108.5 2 1
github.com/pavva91/tezos-delegation-service/internal/services/delegation.go:110.4,112.12 2 1
github.com/pavva91/tezos-delegation-service/internal/services/delegation.go:115.3,118.17 3 1
github.com/pavva91/tezos-delegation-service/internal/services/delegation.go:118.17,122.4 2 0
github.com/pavva91/tezos-delegation-service/internal/services/delegation.go:124.3,126.17 3 1
github.com/pavva91/tezos-delegation-service/internal/services/delegation.go:126.17,129.4 2 1
github.com/pavva91/tezos-delegation-service/internal/services/delegation.go:131.3,132.17 2 1
github.com/pavva91/tezos-delegation-service/internal/services/delegation.go:132.17,134.4 1 0
github.com/pavva91/tezos-delegation-service/internal/services/delegation.go:135.3,138.59 3 1
github.com/pavva91/tezos-delegation-service/internal/stubs/repository_delegation_stub.go:15.74,17.2 1 1
github.com/pavva91/tezos-delegation-service/internal/stubs/repository_delegation_stub.go:19.94,21.2 1 1
github.com/pavva91/tezos-delegation-service/internal/stubs/repository_delegation_stub.go:23.82,25.2 1 1
github.com/pavva91/tezos-delegation-service/internal/stubs/service_delegation_stub.go:14.85,16.2 1 0
github.com/pavva91/tezos-delegation-service/internal/stubs/service_delegation_stub.go:18.157,20.2 1 0
